<?xml version="1.0" encoding="UTF-8"?>
<!-- Generated by org.testng.reporters.JUnitReportReporter -->
<testsuite hostname="MacHDs-MacBook-Air.local" failures="0" tests="1" name="SearchByCategoryTestCase" time="2.316" errors="0" timestamp="2024-07-28T17:14:39 EEST" skipped="0">
  <testcase classname="SearchByCategoryTestCase" name="SearchByCategory" time="2.316"/>
</testsuite> <!-- SearchByCategoryTestCase -->
