<?xml version="1.0" encoding="UTF-8"?>
<!-- Generated by org.testng.reporters.JUnitReportReporter -->
<testsuite hostname="MacHDs-MacBook-Air.local" failures="0" tests="1" name="SearchByKeywordAndCheckoutTestCase" time="4.796" errors="0" timestamp="2024-07-28T17:14:39 EEST" skipped="0">
  <testcase classname="SearchByKeywordAndCheckoutTestCase" name="SearchByKeyWord" time="4.796"/>
</testsuite> <!-- SearchByKeywordAndCheckoutTestCase -->
